<?xml version="1.0" encoding="UTF-8"?>
<testsuite name="tests.TestWithPageObject" tests="1" skipped="0" failures="0" errors="0" timestamp="2023-03-30T19:55:40" hostname="DESKTOP-ON6AC6J" time="12.996">
  <properties/>
  <testcase name="testLoginToGlpi" classname="tests.TestWithPageObject" time="12.996"/>
  <system-out><![CDATA[{"titre":"Kamkam RH","content":"Mananger d'equipe veuillez valider la fiche de demande s'il vous plait. \n   Cordialement  \n  Carole Manager RH"}
Element found
Element found
Element found
Element found
Element found
Element found
http://localhost/glpi_10_0_6/front/ticket.form.php
Element found
]]></system-out>
  <system-err><![CDATA[Starting ChromeDriver 111.0.5563.64 (c710e93d5b63b7095afe8c2c17df34408078439d-refs/branch-heads/5563@{#995}) on port 32876
Only local connections are allowed.
Please see https://chromedriver.chromium.org/security-considerations for suggestions on keeping ChromeDriver safe.
ChromeDriver was started successfully.
Mar 30, 2023 9:55:41 PM org.openqa.selenium.remote.ProtocolHandshake createSession
INFO: Detected dialect: W3C
]]></system-err>
</testsuite>
